0 info it worked if it ends with ok
1 verbose cli [ '/Users/HSWook/.nvm/versions/node/v5.2.0/bin/node',
1 verbose cli   '/Users/HSWook/.nvm/versions/node/v5.2.0/bin/npm',
1 verbose cli   'run',
1 verbose cli   'lint' ]
2 info using npm@3.3.12
3 info using node@v5.2.0
4 verbose run-script [ 'prelint', 'lint', 'postlint' ]
5 info lifecycle todo-redux@~prelint: todo-redux@
6 silly lifecycle todo-redux@~prelint: no script for prelint, continuing
7 info lifecycle todo-redux@~lint: todo-redux@
8 verbose lifecycle todo-redux@~lint: unsafe-perm in lifecycle true
9 verbose lifecycle todo-redux@~lint: PATH: /Users/HSWook/.nvm/versions/node/v5.2.0/lib/node_modules/npm/bin/node-gyp-bin:/Users/HSWook/dev/react/redux/todo-redux/node_modules/.bin:/Users/HSWook/.nvm/versions/node/v5.2.0/bin:/opt/local/bin:/opt/local/sbin:/opt/local/bin:/opt/local/sbin:/Library/Frameworks/Python.framework/Versions/3.4/bin:/usr/local/bin:/usr/local/sbin:/usr/local/bin:/usr/bin:/bin:/usr/sbin:/sbin:/usr/local/go/bin:/Users/HSWook/Documents/development/tools/gradle-1.11//bin:/Users/HSWook/dev/go/bin:/Users/HSWook/dev/phantomjs-2.1.1-macosx/bin
10 verbose lifecycle todo-redux@~lint: CWD: /Users/HSWook/dev/react/redux/todo-redux
11 silly lifecycle todo-redux@~lint: Args: [ '-c', 'eslint .' ]
12 silly lifecycle todo-redux@~lint: Returned: code: 1  signal: null
13 info lifecycle todo-redux@~lint: Failed to exec lint script
14 verbose stack Error: todo-redux@ lint: `eslint .`
14 verbose stack Exit status 1
14 verbose stack     at EventEmitter.<anonymous> (/Users/HSWook/.nvm/versions/node/v5.2.0/lib/node_modules/npm/lib/utils/lifecycle.js:232:16)
14 verbose stack     at emitTwo (events.js:88:13)
14 verbose stack     at EventEmitter.emit (events.js:173:7)
14 verbose stack     at ChildProcess.<anonymous> (/Users/HSWook/.nvm/versions/node/v5.2.0/lib/node_modules/npm/lib/utils/spawn.js:24:14)
14 verbose stack     at emitTwo (events.js:88:13)
14 verbose stack     at ChildProcess.emit (events.js:173:7)
14 verbose stack     at maybeClose (internal/child_process.js:819:16)
14 verbose stack     at Process.ChildProcess._handle.onexit (internal/child_process.js:212:5)
15 verbose pkgid todo-redux@
16 verbose cwd /Users/HSWook/dev/react/redux/todo-redux
17 error Darwin 15.6.0
18 error argv "/Users/HSWook/.nvm/versions/node/v5.2.0/bin/node" "/Users/HSWook/.nvm/versions/node/v5.2.0/bin/npm" "run" "lint"
19 error node v5.2.0
20 error npm  v3.3.12
21 error code ELIFECYCLE
22 error todo-redux@ lint: `eslint .`
22 error Exit status 1
23 error Failed at the todo-redux@ lint script 'eslint .'.
23 error Make sure you have the latest version of node.js and npm installed.
23 error If you do, this is most likely a problem with the todo-redux package,
23 error not with npm itself.
23 error Tell the author that this fails on your system:
23 error     eslint .
23 error You can get their info via:
23 error     npm owner ls todo-redux
23 error There is likely additional logging output above.
24 verbose exit [ 1, true ]
